# JRE version: Java(TM) SE Runtime Environment (8.0_73-b02) (build 1.8.0_73-b02)
# Java VM: Java HotSpot(TM) 64-Bit Server VM (25.73-b02 mixed mode windows-amd64 compressed oops)
Heap:
 PSYoungGen      total 137216K, used 30442K [0x00000000eab00000, 0x00000000f3b80000, 0x0000000100000000)
  eden space 126464K, 24% used [0x00000000eab00000,0x00000000ec8ba9f8,0x00000000f2680000)
  from space 10752K, 0% used [0x00000000f3100000,0x00000000f3100000,0x00000000f3b80000)
  to   space 10752K, 0% used [0x00000000f2680000,0x00000000f2680000,0x00000000f3100000)
 ParOldGen       total 74752K, used 15239K [0x00000000c0000000, 0x00000000c4900000, 0x00000000eab00000)
  object space 74752K, 20% used [0x00000000c0000000,0x00000000c0ee1cf8,0x00000000c4900000)
 Metaspace       used 36226K, capacity 37002K, committed 37248K, reserved 1081344K
  class space    used 4978K, capacity 5197K, committed 5248K, reserved 1048576K
GC Heap History (10 events):
Event: 7.395 GC heap before
{Heap before GC invocations=8 (full 1):
 PSYoungGen      total 57344K, used 56914K [0x00000000eab00000, 0x00000000ef400000, 0x0000000100000000)
  eden space 52736K, 100% used [0x00000000eab00000,0x00000000ede80000,0x00000000ede80000)
  from space 4608K, 90% used [0x00000000eef80000,0x00000000ef3949f8,0x00000000ef400000)
  to   space 10752K, 0% used [0x00000000edf00000,0x00000000edf00000,0x00000000ee980000)
 ParOldGen       total 50176K, used 8329K [0x00000000c0000000, 0x00000000c3100000, 0x00000000eab00000)
  object space 50176K, 16% used [0x00000000c0000000,0x00000000c08225f8,0x00000000c3100000)
 Metaspace       used 27340K, capacity 27946K, committed 28160K, reserved 1073152K
  class space    used 3846K, capacity 4037K, committed 4096K, reserved 1048576K
Event: 7.402 GC heap after
Heap after GC invocations=8 (full 1):
 PSYoungGen      total 64000K, used 6653K [0x00000000eab00000, 0x00000000f1800000, 0x0000000100000000)
  eden space 53248K, 0% used [0x00000000eab00000,0x00000000eab00000,0x00000000edf00000)
  from space 10752K, 61% used [0x00000000edf00000,0x00000000ee57f500,0x00000000ee980000)
  to   space 10240K, 0% used [0x00000000f0e00000,0x00000000f0e00000,0x00000000f1800000)
 ParOldGen       total 50176K, used 8329K [0x00000000c0000000, 0x00000000c3100000, 0x00000000eab00000)
  object space 50176K, 16% used [0x00000000c0000000,0x00000000c08225f8,0x00000000c3100000)
 Metaspace       used 27340K, capacity 27946K, committed 28160K, reserved 1073152K
  class space    used 3846K, capacity 4037K, committed 4096K, reserved 1048576K
}
Event: 8.821 GC heap before
{Heap before GC invocations=9 (full 1):
 PSYoungGen      total 64000K, used 59901K [0x00000000eab00000, 0x00000000f1800000, 0x0000000100000000)
  eden space 53248K, 100% used [0x00000000eab00000,0x00000000edf00000,0x00000000edf00000)
  from space 10752K, 61% used [0x00000000edf00000,0x00000000ee57f500,0x00000000ee980000)
  to   space 10240K, 0% used [0x00000000f0e00000,0x00000000f0e00000,0x00000000f1800000)
 ParOldGen       total 50176K, used 8329K [0x00000000c0000000, 0x00000000c3100000, 0x00000000eab00000)
  object space 50176K, 16% used [0x00000000c0000000,0x00000000c08225f8,0x00000000c3100000)
 Metaspace       used 28417K, capacity 29026K, committed 29312K, reserved 1075200K
  class space    used 3963K, capacity 4137K, committed 4224K, reserved 1048576K
Event: 8.841 GC heap after
Heap after GC invocations=9 (full 1):
 PSYoungGen      total 99328K, used 4879K [0x00000000eab00000, 0x00000000f1700000, 0x0000000100000000)
  eden space 90112K, 0% used [0x00000000eab00000,0x00000000eab00000,0x00000000f0300000)
  from space 9216K, 52% used [0x00000000f0e00000,0x00000000f12c3fc8,0x00000000f1700000)
  to   space 10240K, 0% used [0x00000000f0300000,0x00000000f0300000,0x00000000f0d00000)
 ParOldGen       total 50176K, used 8337K [0x00000000c0000000, 0x00000000c3100000, 0x00000000eab00000)
  object space 50176K, 16% used [0x00000000c0000000,0x00000000c08245f8,0x00000000c3100000)
 Metaspace       used 28417K, capacity 29026K, committed 29312K, reserved 1075200K
  class space    used 3963K, capacity 4137K, committed 4224K, reserved 1048576K
}
Event: 13.524 GC heap before
{Heap before GC invocations=10 (full 1):
 PSYoungGen      total 99328K, used 94991K [0x00000000eab00000, 0x00000000f1700000, 0x0000000100000000)
  eden space 90112K, 100% used [0x00000000eab00000,0x00000000f0300000,0x00000000f0300000)
  from space 9216K, 52% used [0x00000000f0e00000,0x00000000f12c3fc8,0x00000000f1700000)
  to   space 10240K, 0% used [0x00000000f0300000,0x00000000f0300000,0x00000000f0d00000)
 ParOldGen       total 50176K, used 8337K [0x00000000c0000000, 0x00000000c3100000, 0x00000000eab00000)
  object space 50176K, 16% used [0x00000000c0000000,0x00000000c08245f8,0x00000000c3100000)
 Metaspace       used 33388K, capacity 34146K, committed 34304K, reserved 1079296K
  class space    used 4597K, capacity 4828K, committed 4864K, reserved 1048576K
Event: 13.625 GC heap after
Heap after GC invocations=10 (full 1):
 PSYoungGen      total 100352K, used 8524K [0x00000000eab00000, 0x00000000f3b80000, 0x0000000100000000)
  eden space 90112K, 0% used [0x00000000eab00000,0x00000000eab00000,0x00000000f0300000)
  from space 10240K, 83% used [0x00000000f0300000,0x00000000f0b53050,0x00000000f0d00000)
  to   space 10752K, 0% used [0x00000000f3100000,0x00000000f3100000,0x00000000f3b80000)
 ParOldGen       total 50176K, used 10005K [0x00000000c0000000, 0x00000000c3100000, 0x00000000eab00000)
  object space 50176K, 19% used [0x00000000c0000000,0x00000000c09c5618,0x00000000c3100000)
 Metaspace       used 33388K, capacity 34146K, committed 34304K, reserved 1079296K
  class space    used 4597K, capacity 4828K, committed 4864K, reserved 1048576K
}
Event: 14.027 GC heap before
{Heap before GC invocations=11 (full 1):
 PSYoungGen      total 100352K, used 22219K [0x00000000eab00000, 0x00000000f3b80000, 0x0000000100000000)
  eden space 90112K, 15% used [0x00000000eab00000,0x00000000eb85fd78,0x00000000f0300000)
  from space 10240K, 83% used [0x00000000f0300000,0x00000000f0b53050,0x00000000f0d00000)
  to   space 10752K, 0% used [0x00000000f3100000,0x00000000f3100000,0x00000000f3b80000)
 ParOldGen       total 50176K, used 10005K [0x00000000c0000000, 0x00000000c3100000, 0x00000000eab00000)
  object space 50176K, 19% used [0x00000000c0000000,0x00000000c09c5618,0x00000000c3100000)
 Metaspace       used 34570K, capacity 35348K, committed 35456K, reserved 1079296K
  class space    used 4756K, capacity 4991K, committed 4992K, reserved 1048576K
Event: 14.039 GC heap after
Heap after GC invocations=11 (full 1):
 PSYoungGen      total 137216K, used 3967K [0x00000000eab00000, 0x00000000f3b80000, 0x0000000100000000)
  eden space 126464K, 0% used [0x00000000eab00000,0x00000000eab00000,0x00000000f2680000)
  from space 10752K, 36% used [0x00000000f3100000,0x00000000f34dfe08,0x00000000f3b80000)
  to   space 10752K, 0% used [0x00000000f2680000,0x00000000f2680000,0x00000000f3100000)
 ParOldGen       total 50176K, used 11717K [0x00000000c0000000, 0x00000000c3100000, 0x00000000eab00000)
  object space 50176K, 23% used [0x00000000c0000000,0x00000000c0b71640,0x00000000c3100000)
 Metaspace       used 34570K, capacity 35348K, committed 35456K, reserved 1079296K
  class space    used 4756K, capacity 4991K, committed 4992K, reserved 1048576K
}
Event: 14.039 GC heap before
{Heap before GC invocations=12 (full 2):
 PSYoungGen      total 137216K, used 3967K [0x00000000eab00000, 0x00000000f3b80000, 0x0000000100000000)
  eden space 126464K, 0% used [0x00000000eab00000,0x00000000eab00000,0x00000000f2680000)
  from space 10752K, 36% used [0x00000000f3100000,0x00000000f34dfe08,0x00000000f3b80000)
  to   space 10752K, 0% used [0x00000000f2680000,0x00000000f2680000,0x00000000f3100000)
 ParOldGen       total 50176K, used 11717K [0x00000000c0000000, 0x00000000c3100000, 0x00000000eab00000)
  object space 50176K, 23% used [0x00000000c0000000,0x00000000c0b71640,0x00000000c3100000)
 Metaspace       used 34570K, capacity 35348K, committed 35456K, reserved 1079296K
  class space    used 4756K, capacity 4991K, committed 4992K, reserved 1048576K
Event: 14.473 GC heap after
Heap after GC invocations=12 (full 2):
 PSYoungGen      total 137216K, used 0K [0x00000000eab00000, 0x00000000f3b80000, 0x0000000100000000)
  eden space 126464K, 0% used [0x00000000eab00000,0x00000000eab00000,0x00000000f2680000)
  from space 10752K, 0% used [0x00000000f3100000,0x00000000f3100000,0x00000000f3b80000)
  to   space 10752K, 0% used [0x00000000f2680000,0x00000000f2680000,0x00000000f3100000)
 ParOldGen       total 74752K, used 15239K [0x00000000c0000000, 0x00000000c4900000, 0x00000000eab00000)
  object space 74752K, 20% used [0x00000000c0000000,0x00000000c0ee1cf8,0x00000000c4900000)
 Metaspace       used 34570K, capacity 35348K, committed 35456K, reserved 1079296K
  class space    used 4756K, capacity 4991K, committed 4992K, reserved 1048576K
}

