# JRE version: Java(TM) SE Runtime Environment (8.0_73-b02) (build 1.8.0_73-b02)
# Java VM: Java HotSpot(TM) 64-Bit Server VM (25.73-b02 mixed mode windows-amd64 compressed oops)
Heap:
 PSYoungGen      total 95744K, used 22960K [0x00000000eab00000, 0x00000000f3100000, 0x0000000100000000)
  eden space 85504K, 17% used [0x00000000eab00000,0x00000000eb955fe0,0x00000000efe80000)
  from space 10240K, 80% used [0x00000000efe80000,0x00000000f0696410,0x00000000f0880000)
  to   space 10752K, 0% used [0x00000000f2680000,0x00000000f2680000,0x00000000f3100000)
 ParOldGen       total 54784K, used 13020K [0x00000000c0000000, 0x00000000c3580000, 0x00000000eab00000)
  object space 54784K, 23% used [0x00000000c0000000,0x00000000c0cb7300,0x00000000c3580000)
 Metaspace       used 33851K, capacity 34596K, committed 34944K, reserved 1079296K
  class space    used 4679K, capacity 4919K, committed 4992K, reserved 1048576K
GC Heap History (10 events):
Event: 5.497 GC heap before
{Heap before GC invocations=6 (full 1):
 PSYoungGen      total 34304K, used 4585K [0x00000000eab00000, 0x00000000efa00000, 0x0000000100000000)
  eden space 29696K, 0% used [0x00000000eab00000,0x00000000eab00000,0x00000000ec800000)
  from space 4608K, 99% used [0x00000000ec800000,0x00000000ecc7a630,0x00000000ecc80000)
  to   space 10752K, 0% used [0x00000000eef80000,0x00000000eef80000,0x00000000efa00000)
 ParOldGen       total 77824K, used 9904K [0x00000000c0000000, 0x00000000c4c00000, 0x00000000eab00000)
  object space 77824K, 12% used [0x00000000c0000000,0x00000000c09ac038,0x00000000c4c00000)
 Metaspace       used 20771K, capacity 21202K, committed 21296K, reserved 1067008K
  class space    used 2770K, capacity 2889K, committed 2944K, reserved 1048576K
Event: 5.582 GC heap after
Heap after GC invocations=6 (full 1):
 PSYoungGen      total 34304K, used 0K [0x00000000eab00000, 0x00000000efa00000, 0x0000000100000000)
  eden space 29696K, 0% used [0x00000000eab00000,0x00000000eab00000,0x00000000ec800000)
  from space 4608K, 0% used [0x00000000ec800000,0x00000000ec800000,0x00000000ecc80000)
  to   space 10752K, 0% used [0x00000000eef80000,0x00000000eef80000,0x00000000efa00000)
 ParOldGen       total 54784K, used 11264K [0x00000000c0000000, 0x00000000c3580000, 0x00000000eab00000)
  object space 54784K, 20% used [0x00000000c0000000,0x00000000c0b002b8,0x00000000c3580000)
 Metaspace       used 20771K, capacity 21202K, committed 21296K, reserved 1067008K
  class space    used 2770K, capacity 2889K, committed 2944K, reserved 1048576K
}
Event: 6.270 GC heap before
{Heap before GC invocations=7 (full 1):
 PSYoungGen      total 34304K, used 29696K [0x00000000eab00000, 0x00000000efa00000, 0x0000000100000000)
  eden space 29696K, 100% used [0x00000000eab00000,0x00000000ec800000,0x00000000ec800000)
  from space 4608K, 0% used [0x00000000ec800000,0x00000000ec800000,0x00000000ecc80000)
  to   space 10752K, 0% used [0x00000000eef80000,0x00000000eef80000,0x00000000efa00000)
 ParOldGen       total 54784K, used 11264K [0x00000000c0000000, 0x00000000c3580000, 0x00000000eab00000)
  object space 54784K, 20% used [0x00000000c0000000,0x00000000c0b002b8,0x00000000c3580000)
 Metaspace       used 23293K, capacity 23858K, committed 24192K, reserved 1071104K
  class space    used 3188K, capacity 3344K, committed 3456K, reserved 1048576K
Event: 6.279 GC heap after
Heap after GC invocations=7 (full 1):
 PSYoungGen      total 55808K, used 4146K [0x00000000eab00000, 0x00000000ef400000, 0x0000000100000000)
  eden space 51200K, 0% used [0x00000000eab00000,0x00000000eab00000,0x00000000edd00000)
  from space 4608K, 89% used [0x00000000eef80000,0x00000000ef38c9f8,0x00000000ef400000)
  to   space 10752K, 0% used [0x00000000edf00000,0x00000000edf00000,0x00000000ee980000)
 ParOldGen       total 54784K, used 11264K [0x00000000c0000000, 0x00000000c3580000, 0x00000000eab00000)
  object space 54784K, 20% used [0x00000000c0000000,0x00000000c0b002b8,0x00000000c3580000)
 Metaspace       used 23293K, capacity 23858K, committed 24192K, reserved 1071104K
  class space    used 3188K, capacity 3344K, committed 3456K, reserved 1048576K
}
Event: 7.777 GC heap before
{Heap before GC invocations=8 (full 1):
 PSYoungGen      total 55808K, used 55346K [0x00000000eab00000, 0x00000000ef400000, 0x0000000100000000)
  eden space 51200K, 100% used [0x00000000eab00000,0x00000000edd00000,0x00000000edd00000)
  from space 4608K, 89% used [0x00000000eef80000,0x00000000ef38c9f8,0x00000000ef400000)
  to   space 10752K, 0% used [0x00000000edf00000,0x00000000edf00000,0x00000000ee980000)
 ParOldGen       total 54784K, used 11264K [0x00000000c0000000, 0x00000000c3580000, 0x00000000eab00000)
  object space 54784K, 20% used [0x00000000c0000000,0x00000000c0b002b8,0x00000000c3580000)
 Metaspace       used 27152K, capacity 27756K, committed 27904K, reserved 1073152K
  class space    used 3826K, capacity 4000K, committed 4096K, reserved 1048576K
Event: 7.785 GC heap after
Heap after GC invocations=8 (full 1):
 PSYoungGen      total 64000K, used 6520K [0x00000000eab00000, 0x00000000f1280000, 0x0000000100000000)
  eden space 53248K, 0% used [0x00000000eab00000,0x00000000eab00000,0x00000000edf00000)
  from space 10752K, 60% used [0x00000000edf00000,0x00000000ee55e310,0x00000000ee980000)
  to   space 10240K, 0% used [0x00000000f0880000,0x00000000f0880000,0x00000000f1280000)
 ParOldGen       total 54784K, used 11264K [0x00000000c0000000, 0x00000000c3580000, 0x00000000eab00000)
  object space 54784K, 20% used [0x00000000c0000000,0x00000000c0b002b8,0x00000000c3580000)
 Metaspace       used 27152K, capacity 27756K, committed 27904K, reserved 1073152K
  class space    used 3826K, capacity 4000K, committed 4096K, reserved 1048576K
}
Event: 10.001 GC heap before
{Heap before GC invocations=9 (full 1):
 PSYoungGen      total 64000K, used 59768K [0x00000000eab00000, 0x00000000f1280000, 0x0000000100000000)
  eden space 53248K, 100% used [0x00000000eab00000,0x00000000edf00000,0x00000000edf00000)
  from space 10752K, 60% used [0x00000000edf00000,0x00000000ee55e310,0x00000000ee980000)
  to   space 10240K, 0% used [0x00000000f0880000,0x00000000f0880000,0x00000000f1280000)
 ParOldGen       total 54784K, used 11264K [0x00000000c0000000, 0x00000000c3580000, 0x00000000eab00000)
  object space 54784K, 20% used [0x00000000c0000000,0x00000000c0b002b8,0x00000000c3580000)
 Metaspace       used 28361K, capacity 28932K, committed 29312K, reserved 1075200K
  class space    used 3958K, capacity 4132K, committed 4224K, reserved 1048576K
Event: 10.025 GC heap after
Heap after GC invocations=9 (full 1):
 PSYoungGen      total 95744K, used 5179K [0x00000000eab00000, 0x00000000f1380000, 0x0000000100000000)
  eden space 85504K, 0% used [0x00000000eab00000,0x00000000eab00000,0x00000000efe80000)
  from space 10240K, 50% used [0x00000000f0880000,0x00000000f0d8efb8,0x00000000f1280000)
  to   space 10240K, 0% used [0x00000000efe80000,0x00000000efe80000,0x00000000f0880000)
 ParOldGen       total 54784K, used 11280K [0x00000000c0000000, 0x00000000c3580000, 0x00000000eab00000)
  object space 54784K, 20% used [0x00000000c0000000,0x00000000c0b042d0,0x00000000c3580000)
 Metaspace       used 28361K, capacity 28932K, committed 29312K, reserved 1075200K
  class space    used 3958K, capacity 4132K, committed 4224K, reserved 1048576K
}
Event: 13.524 GC heap before
{Heap before GC invocations=10 (full 1):
 PSYoungGen      total 95744K, used 90683K [0x00000000eab00000, 0x00000000f1380000, 0x0000000100000000)
  eden space 85504K, 100% used [0x00000000eab00000,0x00000000efe80000,0x00000000efe80000)
  from space 10240K, 50% used [0x00000000f0880000,0x00000000f0d8efb8,0x00000000f1280000)
  to   space 10240K, 0% used [0x00000000efe80000,0x00000000efe80000,0x00000000f0880000)
 ParOldGen       total 54784K, used 11280K [0x00000000c0000000, 0x00000000c3580000, 0x00000000eab00000)
  object space 54784K, 20% used [0x00000000c0000000,0x00000000c0b042d0,0x00000000c3580000)
 Metaspace       used 33285K, capacity 34052K, committed 34304K, reserved 1079296K
  class space    used 4593K, capacity 4823K, committed 4864K, reserved 1048576K
Event: 13.547 GC heap after
Heap after GC invocations=10 (full 1):
 PSYoungGen      total 95744K, used 8281K [0x00000000eab00000, 0x00000000f3100000, 0x0000000100000000)
  eden space 85504K, 0% used [0x00000000eab00000,0x00000000eab00000,0x00000000efe80000)
  from space 10240K, 80% used [0x00000000efe80000,0x00000000f0696410,0x00000000f0880000)
  to   space 10752K, 0% used [0x00000000f2680000,0x00000000f2680000,0x00000000f3100000)
 ParOldGen       total 54784K, used 13020K [0x00000000c0000000, 0x00000000c3580000, 0x00000000eab00000)
  object space 54784K, 23% used [0x00000000c0000000,0x00000000c0cb7300,0x00000000c3580000)
 Metaspace       used 33285K, capacity 34052K, committed 34304K, reserved 1079296K
  class space    used 4593K, capacity 4823K, committed 4864K, reserved 1048576K
}

