# JRE version: Java(TM) SE Runtime Environment (8.0_73-b02) (build 1.8.0_73-b02)
# Java VM: Java HotSpot(TM) 64-Bit Server VM (25.73-b02 mixed mode windows-amd64 compressed oops)
Heap:
 PSYoungGen      total 111104K, used 51371K [0x00000000eab00000, 0x00000000f3e80000, 0x0000000100000000)
  eden space 100864K, 41% used [0x00000000eab00000,0x00000000ed3cbf88,0x00000000f0d80000)
  from space 10240K, 93% used [0x00000000f0d80000,0x00000000f16ded10,0x00000000f1780000)
  to   space 11264K, 0% used [0x00000000f3380000,0x00000000f3380000,0x00000000f3e80000)
 ParOldGen       total 79360K, used 15371K [0x00000000c0000000, 0x00000000c4d80000, 0x00000000eab00000)
  object space 79360K, 19% used [0x00000000c0000000,0x00000000c0f02e08,0x00000000c4d80000)
 Metaspace       used 44649K, capacity 45810K, committed 45952K, reserved 1089536K
  class space    used 6153K, capacity 6439K, committed 6528K, reserved 1048576K
GC Heap History (10 events):
Event: 7.408 GC heap before
{Heap before GC invocations=9 (full 1):
 PSYoungGen      total 64000K, used 59511K [0x00000000eab00000, 0x00000000f0a80000, 0x0000000100000000)
  eden space 53248K, 100% used [0x00000000eab00000,0x00000000edf00000,0x00000000edf00000)
  from space 10752K, 58% used [0x00000000edf00000,0x00000000ee51dc38,0x00000000ee980000)
  to   space 10240K, 0% used [0x00000000f0080000,0x00000000f0080000,0x00000000f0a80000)
 ParOldGen       total 55296K, used 9901K [0x00000000c0000000, 0x00000000c3600000, 0x00000000eab00000)
  object space 55296K, 17% used [0x00000000c0000000,0x00000000c09ab498,0x00000000c3600000)
 Metaspace       used 28345K, capacity 28974K, committed 29312K, reserved 1075200K
  class space    used 3955K, capacity 4139K, committed 4224K, reserved 1048576K
Event: 7.417 GC heap after
Heap after GC invocations=9 (full 1):
 PSYoungGen      total 88064K, used 4903K [0x00000000eab00000, 0x00000000f0e80000, 0x0000000100000000)
  eden space 77824K, 0% used [0x00000000eab00000,0x00000000eab00000,0x00000000ef700000)
  from space 10240K, 47% used [0x00000000f0080000,0x00000000f0549c80,0x00000000f0a80000)
  to   space 9728K, 0% used [0x00000000ef700000,0x00000000ef700000,0x00000000f0080000)
 ParOldGen       total 55296K, used 9909K [0x00000000c0000000, 0x00000000c3600000, 0x00000000eab00000)
  object space 55296K, 17% used [0x00000000c0000000,0x00000000c09ad498,0x00000000c3600000)
 Metaspace       used 28345K, capacity 28974K, committed 29312K, reserved 1075200K
  class space    used 3955K, capacity 4139K, committed 4224K, reserved 1048576K
}
Event: 8.946 GC heap before
{Heap before GC invocations=10 (full 1):
 PSYoungGen      total 88064K, used 82727K [0x00000000eab00000, 0x00000000f0e80000, 0x0000000100000000)
  eden space 77824K, 100% used [0x00000000eab00000,0x00000000ef700000,0x00000000ef700000)
  from space 10240K, 47% used [0x00000000f0080000,0x00000000f0549c80,0x00000000f0a80000)
  to   space 9728K, 0% used [0x00000000ef700000,0x00000000ef700000,0x00000000f0080000)
 ParOldGen       total 55296K, used 9909K [0x00000000c0000000, 0x00000000c3600000, 0x00000000eab00000)
  object space 55296K, 17% used [0x00000000c0000000,0x00000000c09ad498,0x00000000c3600000)
 Metaspace       used 33195K, capacity 33998K, committed 34304K, reserved 1079296K
  class space    used 4583K, capacity 4798K, committed 4864K, reserved 1048576K
Event: 8.958 GC heap after
Heap after GC invocations=10 (full 1):
 PSYoungGen      total 87552K, used 7866K [0x00000000eab00000, 0x00000000f2180000, 0x0000000100000000)
  eden space 77824K, 0% used [0x00000000eab00000,0x00000000eab00000,0x00000000ef700000)
  from space 9728K, 80% used [0x00000000ef700000,0x00000000efeaeb38,0x00000000f0080000)
  to   space 10240K, 0% used [0x00000000f1780000,0x00000000f1780000,0x00000000f2180000)
 ParOldGen       total 55296K, used 11521K [0x00000000c0000000, 0x00000000c3600000, 0x00000000eab00000)
  object space 55296K, 20% used [0x00000000c0000000,0x00000000c0b404b8,0x00000000c3600000)
 Metaspace       used 33195K, capacity 33998K, committed 34304K, reserved 1079296K
  class space    used 4583K, capacity 4798K, committed 4864K, reserved 1048576K
}
Event: 9.350 GC heap before
{Heap before GC invocations=11 (full 1):
 PSYoungGen      total 87552K, used 38787K [0x00000000eab00000, 0x00000000f2180000, 0x0000000100000000)
  eden space 77824K, 39% used [0x00000000eab00000,0x00000000ec932288,0x00000000ef700000)
  from space 9728K, 80% used [0x00000000ef700000,0x00000000efeaeb38,0x00000000f0080000)
  to   space 10240K, 0% used [0x00000000f1780000,0x00000000f1780000,0x00000000f2180000)
 ParOldGen       total 55296K, used 11521K [0x00000000c0000000, 0x00000000c3600000, 0x00000000eab00000)
  object space 55296K, 20% used [0x00000000c0000000,0x00000000c0b404b8,0x00000000c3600000)
 Metaspace       used 34534K, capacity 35264K, committed 35456K, reserved 1079296K
  class space    used 4753K, capacity 4961K, committed 4992K, reserved 1048576K
Event: 9.362 GC heap after
Heap after GC invocations=11 (full 1):
 PSYoungGen      total 111104K, used 4642K [0x00000000eab00000, 0x00000000f2200000, 0x0000000100000000)
  eden space 100864K, 0% used [0x00000000eab00000,0x00000000eab00000,0x00000000f0d80000)
  from space 10240K, 45% used [0x00000000f1780000,0x00000000f1c08a08,0x00000000f2180000)
  to   space 10240K, 0% used [0x00000000f0d80000,0x00000000f0d80000,0x00000000f1780000)
 ParOldGen       total 55296K, used 12737K [0x00000000c0000000, 0x00000000c3600000, 0x00000000eab00000)
  object space 55296K, 23% used [0x00000000c0000000,0x00000000c0c704b8,0x00000000c3600000)
 Metaspace       used 34534K, capacity 35264K, committed 35456K, reserved 1079296K
  class space    used 4753K, capacity 4961K, committed 4992K, reserved 1048576K
}
Event: 9.362 GC heap before
{Heap before GC invocations=12 (full 2):
 PSYoungGen      total 111104K, used 4642K [0x00000000eab00000, 0x00000000f2200000, 0x0000000100000000)
  eden space 100864K, 0% used [0x00000000eab00000,0x00000000eab00000,0x00000000f0d80000)
  from space 10240K, 45% used [0x00000000f1780000,0x00000000f1c08a08,0x00000000f2180000)
  to   space 10240K, 0% used [0x00000000f0d80000,0x00000000f0d80000,0x00000000f1780000)
 ParOldGen       total 55296K, used 12737K [0x00000000c0000000, 0x00000000c3600000, 0x00000000eab00000)
  object space 55296K, 23% used [0x00000000c0000000,0x00000000c0c704b8,0x00000000c3600000)
 Metaspace       used 34534K, capacity 35264K, committed 35456K, reserved 1079296K
  class space    used 4753K, capacity 4961K, committed 4992K, reserved 1048576K
Event: 9.484 GC heap after
Heap after GC invocations=12 (full 2):
 PSYoungGen      total 111104K, used 0K [0x00000000eab00000, 0x00000000f2200000, 0x0000000100000000)
  eden space 100864K, 0% used [0x00000000eab00000,0x00000000eab00000,0x00000000f0d80000)
  from space 10240K, 0% used [0x00000000f1780000,0x00000000f1780000,0x00000000f2180000)
  to   space 10240K, 0% used [0x00000000f0d80000,0x00000000f0d80000,0x00000000f1780000)
 ParOldGen       total 79360K, used 15299K [0x00000000c0000000, 0x00000000c4d80000, 0x00000000eab00000)
  object space 79360K, 19% used [0x00000000c0000000,0x00000000c0ef0df8,0x00000000c4d80000)
 Metaspace       used 34534K, capacity 35264K, committed 35456K, reserved 1079296K
  class space    used 4753K, capacity 4961K, committed 4992K, reserved 1048576K
}
Event: 11.005 GC heap before
{Heap before GC invocations=13 (full 2):
 PSYoungGen      total 111104K, used 100864K [0x00000000eab00000, 0x00000000f2200000, 0x0000000100000000)
  eden space 100864K, 100% used [0x00000000eab00000,0x00000000f0d80000,0x00000000f0d80000)
  from space 10240K, 0% used [0x00000000f1780000,0x00000000f1780000,0x00000000f2180000)
  to   space 10240K, 0% used [0x00000000f0d80000,0x00000000f0d80000,0x00000000f1780000)
 ParOldGen       total 79360K, used 15299K [0x00000000c0000000, 0x00000000c4d80000, 0x00000000eab00000)
  object space 79360K, 19% used [0x00000000c0000000,0x00000000c0ef0df8,0x00000000c4d80000)
 Metaspace       used 42125K, capacity 43098K, committed 43392K, reserved 1087488K
  class space    used 5755K, capacity 5983K, committed 6016K, reserved 1048576K
Event: 11.017 GC heap after
Heap after GC invocations=13 (full 2):
 PSYoungGen      total 111104K, used 9595K [0x00000000eab00000, 0x00000000f3e80000, 0x0000000100000000)
  eden space 100864K, 0% used [0x00000000eab00000,0x00000000eab00000,0x00000000f0d80000)
  from space 10240K, 93% used [0x00000000f0d80000,0x00000000f16ded10,0x00000000f1780000)
  to   space 11264K, 0% used [0x00000000f3380000,0x00000000f3380000,0x00000000f3e80000)
 ParOldGen       total 79360K, used 15371K [0x00000000c0000000, 0x00000000c4d80000, 0x00000000eab00000)
  object space 79360K, 19% used [0x00000000c0000000,0x00000000c0f02e08,0x00000000c4d80000)
 Metaspace       used 42125K, capacity 43098K, committed 43392K, reserved 1087488K
  class space    used 5755K, capacity 5983K, committed 6016K, reserved 1048576K
}

