# JRE version: Java(TM) SE Runtime Environment (8.0_73-b02) (build 1.8.0_73-b02)
# Java VM: Java HotSpot(TM) 64-Bit Server VM (25.73-b02 mixed mode windows-amd64 compressed oops)
Heap:
 PSYoungGen      total 64000K, used 32424K [0x00000000eab00000, 0x00000000eee00000, 0x0000000100000000)
  eden space 59392K, 46% used [0x00000000eab00000,0x00000000ec62b528,0x00000000ee500000)
  from space 4608K, 99% used [0x00000000ee980000,0x00000000eedfead8,0x00000000eee00000)
  to   space 4608K, 0% used [0x00000000ee500000,0x00000000ee500000,0x00000000ee980000)
 ParOldGen       total 77824K, used 1057K [0x00000000c0000000, 0x00000000c4c00000, 0x00000000eab00000)
  object space 77824K, 1% used [0x00000000c0000000,0x00000000c01086d0,0x00000000c4c00000)
 Metaspace       used 16986K, capacity 17402K, committed 17536K, reserved 1064960K
  class space    used 2255K, capacity 2401K, committed 2432K, reserved 1048576K
GC Heap History (4 events):
Event: 2.241 GC heap before
{Heap before GC invocations=1 (full 0):
 PSYoungGen      total 34304K, used 29696K [0x00000000eab00000, 0x00000000ed100000, 0x0000000100000000)
  eden space 29696K, 100% used [0x00000000eab00000,0x00000000ec800000,0x00000000ec800000)
  from space 4608K, 0% used [0x00000000ecc80000,0x00000000ecc80000,0x00000000ed100000)
  to   space 4608K, 0% used [0x00000000ec800000,0x00000000ec800000,0x00000000ecc80000)
 ParOldGen       total 77824K, used 0K [0x00000000c0000000, 0x00000000c4c00000, 0x00000000eab00000)
  object space 77824K, 0% used [0x00000000c0000000,0x00000000c0000000,0x00000000c4c00000)
 Metaspace       used 6212K, capacity 6476K, committed 6784K, reserved 1056768K
  class space    used 790K, capacity 836K, committed 896K, reserved 1048576K
Event: 2.275 GC heap after
Heap after GC invocations=1 (full 0):
 PSYoungGen      total 34304K, used 4010K [0x00000000eab00000, 0x00000000eee00000, 0x0000000100000000)
  eden space 29696K, 0% used [0x00000000eab00000,0x00000000eab00000,0x00000000ec800000)
  from space 4608K, 87% used [0x00000000ec800000,0x00000000ecbeab80,0x00000000ecc80000)
  to   space 4608K, 0% used [0x00000000ee980000,0x00000000ee980000,0x00000000eee00000)
 ParOldGen       total 77824K, used 8K [0x00000000c0000000, 0x00000000c4c00000, 0x00000000eab00000)
  object space 77824K, 0% used [0x00000000c0000000,0x00000000c0002000,0x00000000c4c00000)
 Metaspace       used 6212K, capacity 6476K, committed 6784K, reserved 1056768K
  class space    used 790K, capacity 836K, committed 896K, reserved 1048576K
}
Event: 8.354 GC heap before
{Heap before GC invocations=2 (full 0):
 PSYoungGen      total 34304K, used 33706K [0x00000000eab00000, 0x00000000eee00000, 0x0000000100000000)
  eden space 29696K, 100% used [0x00000000eab00000,0x00000000ec800000,0x00000000ec800000)
  from space 4608K, 87% used [0x00000000ec800000,0x00000000ecbeab80,0x00000000ecc80000)
  to   space 4608K, 0% used [0x00000000ee980000,0x00000000ee980000,0x00000000eee00000)
 ParOldGen       total 77824K, used 8K [0x00000000c0000000, 0x00000000c4c00000, 0x00000000eab00000)
  object space 77824K, 0% used [0x00000000c0000000,0x00000000c0002000,0x00000000c4c00000)
 Metaspace       used 11957K, capacity 12282K, committed 12544K, reserved 1060864K
  class space    used 1597K, capacity 1697K, committed 1792K, reserved 1048576K
Event: 8.427 GC heap after
Heap after GC invocations=2 (full 0):
 PSYoungGen      total 64000K, used 4602K [0x00000000eab00000, 0x00000000eee00000, 0x0000000100000000)
  eden space 59392K, 0% used [0x00000000eab00000,0x00000000eab00000,0x00000000ee500000)
  from space 4608K, 99% used [0x00000000ee980000,0x00000000eedfead8,0x00000000eee00000)
  to   space 4608K, 0% used [0x00000000ee500000,0x00000000ee500000,0x00000000ee980000)
 ParOldGen       total 77824K, used 1057K [0x00000000c0000000, 0x00000000c4c00000, 0x00000000eab00000)
  object space 77824K, 1% used [0x00000000c0000000,0x00000000c01086d0,0x00000000c4c00000)
 Metaspace       used 11957K, capacity 12282K, committed 12544K, reserved 1060864K
  class space    used 1597K, capacity 1697K, committed 1792K, reserved 1048576K
}

