# JRE version: Java(TM) SE Runtime Environment (8.0_73-b02) (build 1.8.0_73-b02)
# Java VM: Java HotSpot(TM) 64-Bit Server VM (25.73-b02 mixed mode windows-amd64 compressed oops)
Heap:
 PSYoungGen      total 64000K, used 23470K [0x00000000eab00000, 0x00000000f2000000, 0x0000000100000000)
  eden space 59392K, 31% used [0x00000000eab00000,0x00000000ebd6f098,0x00000000ee500000)
  from space 4608K, 99% used [0x00000000ee500000,0x00000000ee97c948,0x00000000ee980000)
  to   space 10240K, 0% used [0x00000000f1600000,0x00000000f1600000,0x00000000f2000000)
 ParOldGen       total 50688K, used 12509K [0x00000000c0000000, 0x00000000c3180000, 0x00000000eab00000)
  object space 50688K, 24% used [0x00000000c0000000,0x00000000c0c376d8,0x00000000c3180000)
 Metaspace       used 28414K, capacity 29020K, committed 29312K, reserved 1075200K
  class space    used 3955K, capacity 4136K, committed 4224K, reserved 1048576K
GC Heap History (10 events):
Event: 4.547 GC heap before
{Heap before GC invocations=4 (full 0):
 PSYoungGen      total 34304K, used 34297K [0x00000000eab00000, 0x00000000eee00000, 0x0000000100000000)
  eden space 29696K, 100% used [0x00000000eab00000,0x00000000ec800000,0x00000000ec800000)
  from space 4608K, 99% used [0x00000000ec800000,0x00000000ecc7e640,0x00000000ecc80000)
  to   space 4608K, 0% used [0x00000000ee980000,0x00000000ee980000,0x00000000eee00000)
 ParOldGen       total 77824K, used 5324K [0x00000000c0000000, 0x00000000c4c00000, 0x00000000eab00000)
  object space 77824K, 6% used [0x00000000c0000000,0x00000000c05331b8,0x00000000c4c00000)
 Metaspace       used 20576K, capacity 21002K, committed 21120K, reserved 1067008K
  class space    used 2718K, capacity 2861K, committed 2944K, reserved 1048576K
Event: 4.560 GC heap after
Heap after GC invocations=4 (full 0):
 PSYoungGen      total 64000K, used 4601K [0x00000000eab00000, 0x00000000eee00000, 0x0000000100000000)
  eden space 59392K, 0% used [0x00000000eab00000,0x00000000eab00000,0x00000000ee500000)
  from space 4608K, 99% used [0x00000000ee980000,0x00000000eedfe620,0x00000000eee00000)
  to   space 4608K, 0% used [0x00000000ee500000,0x00000000ee500000,0x00000000ee980000)
 ParOldGen       total 77824K, used 9479K [0x00000000c0000000, 0x00000000c4c00000, 0x00000000eab00000)
  object space 77824K, 12% used [0x00000000c0000000,0x00000000c0941fb0,0x00000000c4c00000)
 Metaspace       used 20576K, capacity 21002K, committed 21120K, reserved 1067008K
  class space    used 2718K, capacity 2861K, committed 2944K, reserved 1048576K
}
Event: 4.614 GC heap before
{Heap before GC invocations=5 (full 0):
 PSYoungGen      total 64000K, used 8961K [0x00000000eab00000, 0x00000000eee00000, 0x0000000100000000)
  eden space 59392K, 7% used [0x00000000eab00000,0x00000000eaf41fe0,0x00000000ee500000)
  from space 4608K, 99% used [0x00000000ee980000,0x00000000eedfe620,0x00000000eee00000)
  to   space 4608K, 0% used [0x00000000ee500000,0x00000000ee500000,0x00000000ee980000)
 ParOldGen       total 77824K, used 9479K [0x00000000c0000000, 0x00000000c4c00000, 0x00000000eab00000)
  object space 77824K, 12% used [0x00000000c0000000,0x00000000c0941fb0,0x00000000c4c00000)
 Metaspace       used 20806K, capacity 21226K, committed 21296K, reserved 1067008K
  class space    used 2766K, capacity 2893K, committed 2944K, reserved 1048576K
Event: 4.632 GC heap after
Heap after GC invocations=5 (full 0):
 PSYoungGen      total 64000K, used 4585K [0x00000000eab00000, 0x00000000eee00000, 0x0000000100000000)
  eden space 59392K, 0% used [0x00000000eab00000,0x00000000eab00000,0x00000000ee500000)
  from space 4608K, 99% used [0x00000000ee500000,0x00000000ee97a650,0x00000000ee980000)
  to   space 4608K, 0% used [0x00000000ee980000,0x00000000ee980000,0x00000000eee00000)
 ParOldGen       total 77824K, used 9793K [0x00000000c0000000, 0x00000000c4c00000, 0x00000000eab00000)
  object space 77824K, 12% used [0x00000000c0000000,0x00000000c0990760,0x00000000c4c00000)
 Metaspace       used 20806K, capacity 21226K, committed 21296K, reserved 1067008K
  class space    used 2766K, capacity 2893K, committed 2944K, reserved 1048576K
}
Event: 4.632 GC heap before
{Heap before GC invocations=6 (full 1):
 PSYoungGen      total 64000K, used 4585K [0x00000000eab00000, 0x00000000eee00000, 0x0000000100000000)
  eden space 59392K, 0% used [0x00000000eab00000,0x00000000eab00000,0x00000000ee500000)
  from space 4608K, 99% used [0x00000000ee500000,0x00000000ee97a650,0x00000000ee980000)
  to   space 4608K, 0% used [0x00000000ee980000,0x00000000ee980000,0x00000000eee00000)
 ParOldGen       total 77824K, used 9793K [0x00000000c0000000, 0x00000000c4c00000, 0x00000000eab00000)
  object space 77824K, 12% used [0x00000000c0000000,0x00000000c0990760,0x00000000c4c00000)
 Metaspace       used 20806K, capacity 21226K, committed 21296K, reserved 1067008K
  class space    used 2766K, capacity 2893K, committed 2944K, reserved 1048576K
Event: 4.724 GC heap after
Heap after GC invocations=6 (full 1):
 PSYoungGen      total 64000K, used 0K [0x00000000eab00000, 0x00000000eee00000, 0x0000000100000000)
  eden space 59392K, 0% used [0x00000000eab00000,0x00000000eab00000,0x00000000ee500000)
  from space 4608K, 0% used [0x00000000ee500000,0x00000000ee500000,0x00000000ee980000)
  to   space 4608K, 0% used [0x00000000ee980000,0x00000000ee980000,0x00000000eee00000)
 ParOldGen       total 50688K, used 8312K [0x00000000c0000000, 0x00000000c3180000, 0x00000000eab00000)
  object space 50688K, 16% used [0x00000000c0000000,0x00000000c081e088,0x00000000c3180000)
 Metaspace       used 20806K, capacity 21226K, committed 21296K, reserved 1067008K
  class space    used 2766K, capacity 2893K, committed 2944K, reserved 1048576K
}
Event: 7.590 GC heap before
{Heap before GC invocations=7 (full 1):
 PSYoungGen      total 64000K, used 59392K [0x00000000eab00000, 0x00000000eee00000, 0x0000000100000000)
  eden space 59392K, 100% used [0x00000000eab00000,0x00000000ee500000,0x00000000ee500000)
  from space 4608K, 0% used [0x00000000ee500000,0x00000000ee500000,0x00000000ee980000)
  to   space 4608K, 0% used [0x00000000ee980000,0x00000000ee980000,0x00000000eee00000)
 ParOldGen       total 50688K, used 8312K [0x00000000c0000000, 0x00000000c3180000, 0x00000000eab00000)
  object space 50688K, 16% used [0x00000000c0000000,0x00000000c081e088,0x00000000c3180000)
 Metaspace       used 25545K, capacity 26084K, committed 26368K, reserved 1071104K
  class space    used 3569K, capacity 3716K, committed 3840K, reserved 1048576K
Event: 7.603 GC heap after
Heap after GC invocations=7 (full 1):
 PSYoungGen      total 64000K, used 4578K [0x00000000eab00000, 0x00000000eee00000, 0x0000000100000000)
  eden space 59392K, 0% used [0x00000000eab00000,0x00000000eab00000,0x00000000ee500000)
  from space 4608K, 99% used [0x00000000ee980000,0x00000000eedf8890,0x00000000eee00000)
  to   space 4608K, 0% used [0x00000000ee500000,0x00000000ee500000,0x00000000ee980000)
 ParOldGen       total 50688K, used 10886K [0x00000000c0000000, 0x00000000c3180000, 0x00000000eab00000)
  object space 50688K, 21% used [0x00000000c0000000,0x00000000c0aa1a10,0x00000000c3180000)
 Metaspace       used 25545K, capacity 26084K, committed 26368K, reserved 1071104K
  class space    used 3569K, capacity 3716K, committed 3840K, reserved 1048576K
}
Event: 11.431 GC heap before
{Heap before GC invocations=8 (full 1):
 PSYoungGen      total 64000K, used 63970K [0x00000000eab00000, 0x00000000eee00000, 0x0000000100000000)
  eden space 59392K, 100% used [0x00000000eab00000,0x00000000ee500000,0x00000000ee500000)
  from space 4608K, 99% used [0x00000000ee980000,0x00000000eedf8890,0x00000000eee00000)
  to   space 4608K, 0% used [0x00000000ee500000,0x00000000ee500000,0x00000000ee980000)
 ParOldGen       total 50688K, used 10886K [0x00000000c0000000, 0x00000000c3180000, 0x00000000eab00000)
  object space 50688K, 21% used [0x00000000c0000000,0x00000000c0aa1a10,0x00000000c3180000)
 Metaspace       used 28305K, capacity 28892K, committed 29056K, reserved 1075200K
  class space    used 3952K, capacity 4136K, committed 4224K, reserved 1048576K
Event: 11.439 GC heap after
Heap after GC invocations=8 (full 1):
 PSYoungGen      total 64000K, used 4594K [0x00000000eab00000, 0x00000000f2000000, 0x0000000100000000)
  eden space 59392K, 0% used [0x00000000eab00000,0x00000000eab00000,0x00000000ee500000)
  from space 4608K, 99% used [0x00000000ee500000,0x00000000ee97c948,0x00000000ee980000)
  to   space 10240K, 0% used [0x00000000f1600000,0x00000000f1600000,0x00000000f2000000)
 ParOldGen       total 50688K, used 12509K [0x00000000c0000000, 0x00000000c3180000, 0x00000000eab00000)
  object space 50688K, 24% used [0x00000000c0000000,0x00000000c0c376d8,0x00000000c3180000)
 Metaspace       used 28305K, capacity 28892K, committed 29056K, reserved 1075200K
  class space    used 3952K, capacity 4136K, committed 4224K, reserved 1048576K
}

