# JRE version: Java(TM) SE Runtime Environment (8.0_73-b02) (build 1.8.0_73-b02)
# Java VM: Java HotSpot(TM) 64-Bit Server VM (25.73-b02 mixed mode windows-amd64 compressed oops)
Heap:
 PSYoungGen      total 64000K, used 4585K [0x00000000eab00000, 0x00000000f3400000, 0x0000000100000000)
  eden space 59392K, 0% used [0x00000000eab00000,0x00000000eab00000,0x00000000ee500000)
  from space 4608K, 99% used [0x00000000ee500000,0x00000000ee97a630,0x00000000ee980000)
  to   space 10752K, 0% used [0x00000000f2980000,0x00000000f2980000,0x00000000f3400000)
 ParOldGen       total 77824K, used 9911K [0x00000000c0000000, 0x00000000c4c00000, 0x00000000eab00000)
  object space 77824K, 12% used [0x00000000c0000000,0x00000000c09adfc8,0x00000000c4c00000)
 Metaspace       used 20802K, capacity 21232K, committed 21296K, reserved 1067008K
  class space    used 2768K, capacity 2894K, committed 2944K, reserved 1048576K
GC Heap History (10 events):
Event: 1.149 GC heap after
Heap after GC invocations=1 (full 0):
 PSYoungGen      total 34304K, used 3975K [0x00000000eab00000, 0x00000000ed100000, 0x0000000100000000)
  eden space 29696K, 0% used [0x00000000eab00000,0x00000000eab00000,0x00000000ec800000)
  from space 4608K, 86% used [0x00000000ec800000,0x00000000ecbe1e78,0x00000000ecc80000)
  to   space 4608K, 0% used [0x00000000ecc80000,0x00000000ecc80000,0x00000000ed100000)
 ParOldGen       total 77824K, used 8K [0x00000000c0000000, 0x00000000c4c00000, 0x00000000eab00000)
  object space 77824K, 0% used [0x00000000c0000000,0x00000000c0002000,0x00000000c4c00000)
 Metaspace       used 6204K, capacity 6476K, committed 6784K, reserved 1056768K
  class space    used 791K, capacity 836K, committed 896K, reserved 1048576K
}
Event: 3.361 GC heap before
{Heap before GC invocations=2 (full 0):
 PSYoungGen      total 34304K, used 33671K [0x00000000eab00000, 0x00000000ed100000, 0x0000000100000000)
  eden space 29696K, 100% used [0x00000000eab00000,0x00000000ec800000,0x00000000ec800000)
  from space 4608K, 86% used [0x00000000ec800000,0x00000000ecbe1e78,0x00000000ecc80000)
  to   space 4608K, 0% used [0x00000000ecc80000,0x00000000ecc80000,0x00000000ed100000)
 ParOldGen       total 77824K, used 8K [0x00000000c0000000, 0x00000000c4c00000, 0x00000000eab00000)
  object space 77824K, 0% used [0x00000000c0000000,0x00000000c0002000,0x00000000c4c00000)
 Metaspace       used 11915K, capacity 12302K, committed 12544K, reserved 1060864K
  class space    used 1602K, capacity 1727K, committed 1792K, reserved 1048576K
Event: 3.368 GC heap after
Heap after GC invocations=2 (full 0):
 PSYoungGen      total 34304K, used 4606K [0x00000000eab00000, 0x00000000ed100000, 0x0000000100000000)
  eden space 29696K, 0% used [0x00000000eab00000,0x00000000eab00000,0x00000000ec800000)
  from space 4608K, 99% used [0x00000000ecc80000,0x00000000ed0ff958,0x00000000ed100000)
  to   space 4608K, 0% used [0x00000000ec800000,0x00000000ec800000,0x00000000ecc80000)
 ParOldGen       total 77824K, used 1070K [0x00000000c0000000, 0x00000000c4c00000, 0x00000000eab00000)
  object space 77824K, 1% used [0x00000000c0000000,0x00000000c010b820,0x00000000c4c00000)
 Metaspace       used 11915K, capacity 12302K, committed 12544K, reserved 1060864K
  class space    used 1602K, capacity 1727K, committed 1792K, reserved 1048576K
}
Event: 5.821 GC heap before
{Heap before GC invocations=3 (full 0):
 PSYoungGen      total 34304K, used 34302K [0x00000000eab00000, 0x00000000ed100000, 0x0000000100000000)
  eden space 29696K, 100% used [0x00000000eab00000,0x00000000ec800000,0x00000000ec800000)
  from space 4608K, 99% used [0x00000000ecc80000,0x00000000ed0ff958,0x00000000ed100000)
  to   space 4608K, 0% used [0x00000000ec800000,0x00000000ec800000,0x00000000ecc80000)
 ParOldGen       total 77824K, used 1070K [0x00000000c0000000, 0x00000000c4c00000, 0x00000000eab00000)
  object space 77824K, 1% used [0x00000000c0000000,0x00000000c010b820,0x00000000c4c00000)
 Metaspace       used 17362K, capacity 17774K, committed 17920K, reserved 1064960K
  class space    used 2329K, capacity 2463K, committed 2560K, reserved 1048576K
Event: 5.968 GC heap after
Heap after GC invocations=3 (full 0):
 PSYoungGen      total 34304K, used 4585K [0x00000000eab00000, 0x00000000eee00000, 0x0000000100000000)
  eden space 29696K, 0% used [0x00000000eab00000,0x00000000eab00000,0x00000000ec800000)
  from space 4608K, 99% used [0x00000000ec800000,0x00000000ecc7a630,0x00000000ecc80000)
  to   space 4608K, 0% used [0x00000000ee980000,0x00000000ee980000,0x00000000eee00000)
 ParOldGen       total 77824K, used 5360K [0x00000000c0000000, 0x00000000c4c00000, 0x00000000eab00000)
  object space 77824K, 6% used [0x00000000c0000000,0x00000000c053c2b0,0x00000000c4c00000)
 Metaspace       used 17362K, capacity 17774K, committed 17920K, reserved 1064960K
  class space    used 2329K, capacity 2463K, committed 2560K, reserved 1048576K
}
Event: 9.626 GC heap before
{Heap before GC invocations=4 (full 0):
 PSYoungGen      total 34304K, used 34281K [0x00000000eab00000, 0x00000000eee00000, 0x0000000100000000)
  eden space 29696K, 100% used [0x00000000eab00000,0x00000000ec800000,0x00000000ec800000)
  from space 4608K, 99% used [0x00000000ec800000,0x00000000ecc7a630,0x00000000ecc80000)
  to   space 4608K, 0% used [0x00000000ee980000,0x00000000ee980000,0x00000000eee00000)
 ParOldGen       total 77824K, used 5360K [0x00000000c0000000, 0x00000000c4c00000, 0x00000000eab00000)
  object space 77824K, 6% used [0x00000000c0000000,0x00000000c053c2b0,0x00000000c4c00000)
 Metaspace       used 20571K, capacity 21008K, committed 21120K, reserved 1067008K
  class space    used 2718K, capacity 2862K, committed 2944K, reserved 1048576K
Event: 9.649 GC heap after
Heap after GC invocations=4 (full 0):
 PSYoungGen      total 64000K, used 4585K [0x00000000eab00000, 0x00000000eee00000, 0x0000000100000000)
  eden space 59392K, 0% used [0x00000000eab00000,0x00000000eab00000,0x00000000ee500000)
  from space 4608K, 99% used [0x00000000ee980000,0x00000000eedfa670,0x00000000eee00000)
  to   space 4608K, 0% used [0x00000000ee500000,0x00000000ee500000,0x00000000ee980000)
 ParOldGen       total 77824K, used 9584K [0x00000000c0000000, 0x00000000c4c00000, 0x00000000eab00000)
  object space 77824K, 12% used [0x00000000c0000000,0x00000000c095c310,0x00000000c4c00000)
 Metaspace       used 20571K, capacity 21008K, committed 21120K, reserved 1067008K
  class space    used 2718K, capacity 2862K, committed 2944K, reserved 1048576K
}
Event: 9.823 GC heap before
{Heap before GC invocations=5 (full 0):
 PSYoungGen      total 64000K, used 8242K [0x00000000eab00000, 0x00000000eee00000, 0x0000000100000000)
  eden space 59392K, 6% used [0x00000000eab00000,0x00000000eae92198,0x00000000ee500000)
  from space 4608K, 99% used [0x00000000ee980000,0x00000000eedfa670,0x00000000eee00000)
  to   space 4608K, 0% used [0x00000000ee500000,0x00000000ee500000,0x00000000ee980000)
 ParOldGen       total 77824K, used 9584K [0x00000000c0000000, 0x00000000c4c00000, 0x00000000eab00000)
  object space 77824K, 12% used [0x00000000c0000000,0x00000000c095c310,0x00000000c4c00000)
 Metaspace       used 20802K, capacity 21232K, committed 21296K, reserved 1067008K
  class space    used 2768K, capacity 2894K, committed 2944K, reserved 1048576K
Event: 9.840 GC heap after
Heap after GC invocations=5 (full 0):
 PSYoungGen      total 64000K, used 4585K [0x00000000eab00000, 0x00000000f3400000, 0x0000000100000000)
  eden space 59392K, 0% used [0x00000000eab00000,0x00000000eab00000,0x00000000ee500000)
  from space 4608K, 99% used [0x00000000ee500000,0x00000000ee97a630,0x00000000ee980000)
  to   space 10752K, 0% used [0x00000000f2980000,0x00000000f2980000,0x00000000f3400000)
 ParOldGen       total 77824K, used 9911K [0x00000000c0000000, 0x00000000c4c00000, 0x00000000eab00000)
  object space 77824K, 12% used [0x00000000c0000000,0x00000000c09adfc8,0x00000000c4c00000)
 Metaspace       used 20802K, capacity 21232K, committed 21296K, reserved 1067008K
  class space    used 2768K, capacity 2894K, committed 2944K, reserved 1048576K
}
Event: 9.840 GC heap before
{Heap before GC invocations=6 (full 1):
 PSYoungGen      total 64000K, used 4585K [0x00000000eab00000, 0x00000000f3400000, 0x0000000100000000)
  eden space 59392K, 0% used [0x00000000eab00000,0x00000000eab00000,0x00000000ee500000)
  from space 4608K, 99% used [0x00000000ee500000,0x00000000ee97a630,0x00000000ee980000)
  to   space 10752K, 0% used [0x00000000f2980000,0x00000000f2980000,0x00000000f3400000)
 ParOldGen       total 77824K, used 9911K [0x00000000c0000000, 0x00000000c4c00000, 0x00000000eab00000)
  object space 77824K, 12% used [0x00000000c0000000,0x00000000c09adfc8,0x00000000c4c00000)
 Metaspace       used 20802K, capacity 21232K, committed 21296K, reserved 1067008K
  class space    used 2768K, capacity 2894K, committed 2944K, reserved 1048576K

