# JRE version: Java(TM) SE Runtime Environment (8.0_73-b02) (build 1.8.0_73-b02)
# Java VM: Java HotSpot(TM) 64-Bit Server VM (25.73-b02 mixed mode windows-amd64 compressed oops)
Heap:
 PSYoungGen      total 111104K, used 45395K [0x00000000eab00000, 0x00000000f5180000, 0x0000000100000000)
  eden space 100864K, 45% used [0x00000000eab00000,0x00000000ed754e38,0x00000000f0d80000)
  from space 10240K, 0% used [0x00000000f0d80000,0x00000000f0d80000,0x00000000f1780000)
  to   space 11264K, 0% used [0x00000000f4680000,0x00000000f4680000,0x00000000f5180000)
 ParOldGen       total 69120K, used 19006K [0x00000000c0000000, 0x00000000c4380000, 0x00000000eab00000)
  object space 69120K, 27% used [0x00000000c0000000,0x00000000c128f948,0x00000000c4380000)
 Metaspace       used 37177K, capacity 37990K, committed 38144K, reserved 1081344K
  class space    used 5130K, capacity 5335K, committed 5376K, reserved 1048576K
GC Heap History (10 events):
Event: 10.986 GC heap before
{Heap before GC invocations=7 (full 1):
 PSYoungGen      total 34304K, used 29696K [0x00000000eab00000, 0x00000000efa00000, 0x0000000100000000)
  eden space 29696K, 100% used [0x00000000eab00000,0x00000000ec800000,0x00000000ec800000)
  from space 4608K, 0% used [0x00000000ec800000,0x00000000ec800000,0x00000000ecc80000)
  to   space 10752K, 0% used [0x00000000eef80000,0x00000000eef80000,0x00000000efa00000)
 ParOldGen       total 49152K, used 9939K [0x00000000c0000000, 0x00000000c3000000, 0x00000000eab00000)
  object space 49152K, 20% used [0x00000000c0000000,0x00000000c09b4c58,0x00000000c3000000)
 Metaspace       used 23336K, capacity 23888K, committed 24192K, reserved 1071104K
  class space    used 3187K, capacity 3349K, committed 3456K, reserved 1048576K
Event: 10.995 GC heap after
Heap after GC invocations=7 (full 1):
 PSYoungGen      total 62976K, used 4337K [0x00000000eab00000, 0x00000000ef680000, 0x0000000100000000)
  eden space 55808K, 0% used [0x00000000eab00000,0x00000000eab00000,0x00000000ee180000)
  from space 7168K, 60% used [0x00000000eef80000,0x00000000ef3bc468,0x00000000ef680000)
  to   space 10752K, 0% used [0x00000000ee180000,0x00000000ee180000,0x00000000eec00000)
 ParOldGen       total 49152K, used 9939K [0x00000000c0000000, 0x00000000c3000000, 0x00000000eab00000)
  object space 49152K, 20% used [0x00000000c0000000,0x00000000c09b4c58,0x00000000c3000000)
 Metaspace       used 23336K, capacity 23888K, committed 24192K, reserved 1071104K
  class space    used 3187K, capacity 3349K, committed 3456K, reserved 1048576K
}
Event: 11.850 GC heap before
{Heap before GC invocations=8 (full 1):
 PSYoungGen      total 62976K, used 60145K [0x00000000eab00000, 0x00000000ef680000, 0x0000000100000000)
  eden space 55808K, 100% used [0x00000000eab00000,0x00000000ee180000,0x00000000ee180000)
  from space 7168K, 60% used [0x00000000eef80000,0x00000000ef3bc468,0x00000000ef680000)
  to   space 10752K, 0% used [0x00000000ee180000,0x00000000ee180000,0x00000000eec00000)
 ParOldGen       total 49152K, used 9939K [0x00000000c0000000, 0x00000000c3000000, 0x00000000eab00000)
  object space 49152K, 20% used [0x00000000c0000000,0x00000000c09b4c58,0x00000000c3000000)
 Metaspace       used 27575K, capacity 28234K, committed 28416K, reserved 1073152K
  class space    used 3894K, capacity 4069K, committed 4096K, reserved 1048576K
Event: 11.862 GC heap after
Heap after GC invocations=8 (full 1):
 PSYoungGen      total 66560K, used 6844K [0x00000000eab00000, 0x00000000f2380000, 0x0000000100000000)
  eden space 55808K, 0% used [0x00000000eab00000,0x00000000eab00000,0x00000000ee180000)
  from space 10752K, 63% used [0x00000000ee180000,0x00000000ee82f1e8,0x00000000eec00000)
  to   space 10240K, 0% used [0x00000000f1980000,0x00000000f1980000,0x00000000f2380000)
 ParOldGen       total 49152K, used 9939K [0x00000000c0000000, 0x00000000c3000000, 0x00000000eab00000)
  object space 49152K, 20% used [0x00000000c0000000,0x00000000c09b4c58,0x00000000c3000000)
 Metaspace       used 27575K, capacity 28234K, committed 28416K, reserved 1073152K
  class space    used 3894K, capacity 4069K, committed 4096K, reserved 1048576K
}
Event: 13.385 GC heap before
{Heap before GC invocations=9 (full 1):
 PSYoungGen      total 66560K, used 62652K [0x00000000eab00000, 0x00000000f2380000, 0x0000000100000000)
  eden space 55808K, 100% used [0x00000000eab00000,0x00000000ee180000,0x00000000ee180000)
  from space 10752K, 63% used [0x00000000ee180000,0x00000000ee82f1e8,0x00000000eec00000)
  to   space 10240K, 0% used [0x00000000f1980000,0x00000000f1980000,0x00000000f2380000)
 ParOldGen       total 49152K, used 9939K [0x00000000c0000000, 0x00000000c3000000, 0x00000000eab00000)
  object space 49152K, 20% used [0x00000000c0000000,0x00000000c09b4c58,0x00000000c3000000)
 Metaspace       used 28457K, capacity 29090K, committed 29312K, reserved 1075200K
  class space    used 3960K, capacity 4137K, committed 4224K, reserved 1048576K
Event: 13.394 GC heap after
Heap after GC invocations=9 (full 1):
 PSYoungGen      total 109056K, used 4559K [0x00000000eab00000, 0x00000000f2180000, 0x0000000100000000)
  eden space 100864K, 0% used [0x00000000eab00000,0x00000000eab00000,0x00000000f0d80000)
  from space 8192K, 55% used [0x00000000f1980000,0x00000000f1df3fc8,0x00000000f2180000)
  to   space 10240K, 0% used [0x00000000f0d80000,0x00000000f0d80000,0x00000000f1780000)
 ParOldGen       total 49152K, used 9947K [0x00000000c0000000, 0x00000000c3000000, 0x00000000eab00000)
  object space 49152K, 20% used [0x00000000c0000000,0x00000000c09b6c58,0x00000000c3000000)
 Metaspace       used 28457K, capacity 29090K, committed 29312K, reserved 1075200K
  class space    used 3960K, capacity 4137K, committed 4224K, reserved 1048576K
}
Event: 15.709 GC heap before
{Heap before GC invocations=10 (full 1):
 PSYoungGen      total 109056K, used 104883K [0x00000000eab00000, 0x00000000f2180000, 0x0000000100000000)
  eden space 100864K, 99% used [0x00000000eab00000,0x00000000f0cf8fe8,0x00000000f0d80000)
  from space 8192K, 55% used [0x00000000f1980000,0x00000000f1df3fc8,0x00000000f2180000)
  to   space 10240K, 0% used [0x00000000f0d80000,0x00000000f0d80000,0x00000000f1780000)
 ParOldGen       total 49152K, used 9947K [0x00000000c0000000, 0x00000000c3000000, 0x00000000eab00000)
  object space 49152K, 20% used [0x00000000c0000000,0x00000000c09b6c58,0x00000000c3000000)
 Metaspace       used 34613K, capacity 35348K, committed 35456K, reserved 1079296K
  class space    used 4762K, capacity 4991K, committed 4992K, reserved 1048576K
Event: 15.725 GC heap after
Heap after GC invocations=10 (full 1):
 PSYoungGen      total 111104K, used 9736K [0x00000000eab00000, 0x00000000f5180000, 0x0000000100000000)
  eden space 100864K, 0% used [0x00000000eab00000,0x00000000eab00000,0x00000000f0d80000)
  from space 10240K, 95% used [0x00000000f0d80000,0x00000000f17021f8,0x00000000f1780000)
  to   space 11264K, 0% used [0x00000000f4680000,0x00000000f4680000,0x00000000f5180000)
 ParOldGen       total 49152K, used 11567K [0x00000000c0000000, 0x00000000c3000000, 0x00000000eab00000)
  object space 49152K, 23% used [0x00000000c0000000,0x00000000c0b4bc78,0x00000000c3000000)
 Metaspace       used 34613K, capacity 35348K, committed 35456K, reserved 1079296K
  class space    used 4762K, capacity 4991K, committed 4992K, reserved 1048576K
}
Event: 15.725 GC heap before
{Heap before GC invocations=11 (full 2):
 PSYoungGen      total 111104K, used 9736K [0x00000000eab00000, 0x00000000f5180000, 0x0000000100000000)
  eden space 100864K, 0% used [0x00000000eab00000,0x00000000eab00000,0x00000000f0d80000)
  from space 10240K, 95% used [0x00000000f0d80000,0x00000000f17021f8,0x00000000f1780000)
  to   space 11264K, 0% used [0x00000000f4680000,0x00000000f4680000,0x00000000f5180000)
 ParOldGen       total 49152K, used 11567K [0x00000000c0000000, 0x00000000c3000000, 0x00000000eab00000)
  object space 49152K, 23% used [0x00000000c0000000,0x00000000c0b4bc78,0x00000000c3000000)
 Metaspace       used 34613K, capacity 35348K, committed 35456K, reserved 1079296K
  class space    used 4762K, capacity 4991K, committed 4992K, reserved 1048576K
Event: 15.856 GC heap after
Heap after GC invocations=11 (full 2):
 PSYoungGen      total 111104K, used 0K [0x00000000eab00000, 0x00000000f5180000, 0x0000000100000000)
  eden space 100864K, 0% used [0x00000000eab00000,0x00000000eab00000,0x00000000f0d80000)
  from space 10240K, 0% used [0x00000000f0d80000,0x00000000f0d80000,0x00000000f1780000)
  to   space 11264K, 0% used [0x00000000f4680000,0x00000000f4680000,0x00000000f5180000)
 ParOldGen       total 69120K, used 19006K [0x00000000c0000000, 0x00000000c4380000, 0x00000000eab00000)
  object space 69120K, 27% used [0x00000000c0000000,0x00000000c128f948,0x00000000c4380000)
 Metaspace       used 34613K, capacity 35348K, committed 35456K, reserved 1079296K
  class space    used 4762K, capacity 4991K, committed 4992K, reserved 1048576K
}

